2019-07-04 20:23:41,577 - ERROR:
	Функция:
	presence_message_response
	Аргумент:
	{'qwe': 'presence', 'time': '20:23:41', 'user': {'account_name': 'Вася'}}
	Ответ:
	{'response': 400, 'error': 'Неверный запрос!'}

2019-07-04 20:24:22,250 - INFO:
	Функция:
	presence_message_response
	Аргумент:
	{'action': 'presence', 'time': '20:24:22', 'user': {'account_name': 'Вася'}}
	Ответ:
	{'response': 200}

2019-07-04 21:53:17,303 - INFO:
	Функция:
	presence_message_response
	Аргумент:
	{'action': 'presence', 'time': '21:53:17', 'user': {'account_name': 'Вася'}}
	Ответ:
	{'response': 200}

2019-07-04 21:53:59,225 - INFO:
	Функция:
	presence_message_response
	Аргумент:
	{'action': 'presence', 'time': '21:53:59', 'user': {'account_name': 'Вася'}}
	Ответ:
	{'response': 200}

2019-07-04 21:54:01,342 - INFO:
	Сервер остановлен

2019-07-04 21:59:44,994 - INFO:
	Функция:
	presence_message_response
	Аргумент:
	{'action': 'presence', 'time': '21:59:44', 'user': {'account_name': 'Вася'}}
	Ответ:
	{'response': 200}

2019-07-04 21:59:51,458 - INFO:
	Сервер остановлен

2019-07-05 12:23:55,244 - INFO:
	Функция:
	presence_message_response
	Аргумент:
	{'action': 'presence', 'time': '12:23:55', 'user': {'account_name': 'Вася'}}
	Ответ:
	{'response': 200}

2019-07-05 12:26:16,842 - INFO:
	Сервер остановлен

2019-07-05 12:26:20,359 - INFO:
	Функция:
	presence_message_response
	Аргумент:
	{'action': 'presence', 'time': '12:26:20', 'user': {'account_name': 'Вася'}}
	Ответ:
	{'response': 200}

2019-07-05 12:27:56,551 - INFO:
	Функция:
	presence_message_response
	Аргумент:
	{'action': 'presence', 'time': '12:27:56', 'user': {'account_name': 'Вася'}}
	Ответ:
	{'response': 200}

2019-07-05 12:28:56,131 - INFO:
	Функция:
	presence_message_response
	Аргумент:
	{'action': 'presence', 'time': '12:28:56', 'user': {'account_name': 'Вася'}}
	Ответ:
	{'response': 200}

